<?xml version="1.0" encoding="UTF-8"?>
<!-- Generated by org.testng.reporters.JUnitReportReporter -->
<testsuite skipped="0" hostname="LNDA0065" name="com.qait.mobile_Automation.NewTest" tests="1" failures="0" timestamp="26 Jul 2019 06:39:43 GMT" time="15.749" errors="0">
  <testcase name="test" time="15.749" classname="com.qait.mobile_Automation.NewTest"/>
</testsuite> <!-- com.qait.mobile_Automation.NewTest -->
